[0723/171817.290:ERROR:process_reader_win.cc(151)] SuspendThread: Access is denied. (0x5)
[0723/171818.493:ERROR:process_reader_win.cc(151)] SuspendThread: Access is denied. (0x5)
[0723/171817.521:ERROR:process_reader_win.cc(151)] SuspendThread: Access is denied. (0x5)
[0723/171818.493:ERROR:process_reader_win.cc(151)] SuspendThread: Access is denied. (0x5)
[0723/171818.493:ERROR:process_reader_win.cc(151)] SuspendThread: Access is denied. (0x5)
[0723/171818.493:ERROR:process_reader_win.cc(151)] SuspendThread: Access is denied. (0x5)
[0723/171818.493:ERROR:process_reader_win.cc(151)] SuspendThread: Access is denied. (0x5)
[0723/171818.493:ERROR:process_reader_win.cc(151)] SuspendThread: Access is denied. (0x5)
[0723/171818.493:ERROR:process_reader_win.cc(151)] SuspendThread: Access is denied. (0x5)
[0723/171818.493:ERROR:process_reader_win.cc(151)] SuspendThread: Access is denied. (0x5)
[0723/171817.290:ERROR:process_reader_win.cc(151)] SuspendThread: Access is denied. (0x5)
[0723/171817.553:ERROR:process_reader_win.cc(151)] SuspendThread: Access is denied. (0x5)
[0723/171817.291:ERROR:process_reader_win.cc(151)] SuspendThread: Access is denied. (0x5)
[0723/171818.986:ERROR:process_reader_win.cc(151)] SuspendThread: Access is denied. (0x5)
[0723/171818.986:ERROR:process_reader_win.cc(151)] SuspendThread: Access is denied. (0x5)
[0723/171818.986:ERROR:process_reader_win.cc(151)] SuspendThread: Access is denied. (0x5)
[0723/171818.986:ERROR:process_reader_win.cc(151)] SuspendThread: Access is denied. (0x5)
[0723/171818.986:ERROR:process_reader_win.cc(151)] SuspendThread: Access is denied. (0x5)
[0723/171818.986:ERROR:process_reader_win.cc(151)] SuspendThread: Access is denied. (0x5)
[0723/171818.986:ERROR:process_reader_win.cc(151)] SuspendThread: Access is denied. (0x5)
[0723/171818.986:ERROR:process_reader_win.cc(151)] SuspendThread: Access is denied. (0x5)
[0723/171818.986:ERROR:process_reader_win.cc(151)] SuspendThread: Access is denied. (0x5)
[0723/171818.986:ERROR:process_reader_win.cc(151)] SuspendThread: Access is denied. (0x5)
[0723/171818.986:ERROR:process_reader_win.cc(151)] SuspendThread: Access is denied. (0x5)
[0723/171818.986:ERROR:process_reader_win.cc(151)] SuspendThread: Access is denied. (0x5)
[0723/171818.986:ERROR:process_reader_win.cc(151)] SuspendThread: Access is denied. (0x5)
[0723/171818.986:ERROR:process_reader_win.cc(151)] SuspendThread: Access is denied. (0x5)
[0723/171818.986:ERROR:process_reader_win.cc(151)] SuspendThread: Access is denied. (0x5)
[0723/171818.986:ERROR:process_reader_win.cc(151)] SuspendThread: Access is denied. (0x5)
[0723/171818.986:ERROR:process_reader_win.cc(151)] SuspendThread: Access is denied. (0x5)
[0723/171817.290:ERROR:process_reader_win.cc(151)] SuspendThread: Access is denied. (0x5)
[0723/171818.986:ERROR:process_reader_win.cc(151)] SuspendThread: Access is denied. (0x5)
[0723/171818.986:ERROR:process_reader_win.cc(151)] SuspendThread: Access is denied. (0x5)
[0723/171817.291:ERROR:process_reader_win.cc(151)] SuspendThread: Access is denied. (0x5)
[0723/171818.987:ERROR:process_reader_win.cc(151)] SuspendThread: Access is denied. (0x5)
[0723/171818.987:ERROR:process_reader_win.cc(151)] SuspendThread: Access is denied. (0x5)
[0723/171818.987:ERROR:process_reader_win.cc(151)] SuspendThread: Access is denied. (0x5)
[0723/171818.987:ERROR:process_reader_win.cc(151)] SuspendThread: Access is denied. (0x5)
[0723/171818.987:ERROR:process_reader_win.cc(151)] SuspendThread: Access is denied. (0x5)
[0723/171818.987:ERROR:process_reader_win.cc(151)] SuspendThread: Access is denied. (0x5)
[0723/171818.987:ERROR:process_reader_win.cc(151)] SuspendThread: Access is denied. (0x5)
[0723/171818.987:ERROR:process_reader_win.cc(151)] SuspendThread: Access is denied. (0x5)
[0723/171818.987:ERROR:process_reader_win.cc(151)] SuspendThread: Access is denied. (0x5)
[0723/171818.987:ERROR:process_reader_win.cc(151)] SuspendThread: Access is denied. (0x5)
[0723/171818.987:ERROR:process_reader_win.cc(151)] SuspendThread: Access is denied. (0x5)
[0723/171818.987:ERROR:process_reader_win.cc(151)] SuspendThread: Access is denied. (0x5)
[0723/171818.987:ERROR:process_reader_win.cc(151)] SuspendThread: Access is denied. (0x5)
[0723/171818.987:ERROR:process_reader_win.cc(151)] SuspendThread: Access is denied. (0x5)
[0723/171817.291:ERROR:process_reader_win.cc(151)] SuspendThread: Access is denied. (0x5)
[0723/171818.987:ERROR:process_reader_win.cc(151)] SuspendThread: Access is denied. (0x5)
[0723/171818.987:ERROR:process_reader_win.cc(151)] SuspendThread: Access is denied. (0x5)
[0723/171818.987:ERROR:process_reader_win.cc(151)] SuspendThread: Access is denied. (0x5)
[0723/171818.987:ERROR:process_reader_win.cc(151)] SuspendThread: Access is denied. (0x5)
[0723/171817.525:ERROR:process_reader_win.cc(151)] SuspendThread: Access is denied. (0x5)
[0723/171818.987:ERROR:process_reader_win.cc(151)] SuspendThread: Access is denied. (0x5)
[0723/171818.987:ERROR:process_reader_win.cc(151)] SuspendThread: Access is denied. (0x5)
[0723/171818.987:ERROR:process_reader_win.cc(151)] SuspendThread: Access is denied. (0x5)
[0723/171818.987:ERROR:process_reader_win.cc(151)] SuspendThread: Access is denied. (0x5)
[0723/171818.987:ERROR:process_reader_win.cc(151)] SuspendThread: Access is denied. (0x5)
[0723/171818.987:ERROR:process_reader_win.cc(151)] SuspendThread: Access is denied. (0x5)
[0723/171818.987:ERROR:process_reader_win.cc(151)] SuspendThread: Access is denied. (0x5)
[0723/171818.987:ERROR:process_reader_win.cc(151)] SuspendThread: Access is denied. (0x5)
[0723/171818.987:ERROR:process_reader_win.cc(151)] SuspendThread: Access is denied. (0x5)
[0723/171818.987:ERROR:process_reader_win.cc(151)] SuspendThread: Access is denied. (0x5)
[0723/171818.987:ERROR:process_reader_win.cc(151)] SuspendThread: Access is denied. (0x5)
[0723/171818.987:ERROR:process_reader_win.cc(151)] SuspendThread: Access is denied. (0x5)
[0723/171818.987:ERROR:process_reader_win.cc(151)] SuspendThread: Access is denied. (0x5)
[0723/171818.987:ERROR:process_reader_win.cc(151)] SuspendThread: Access is denied. (0x5)
[0723/171818.987:ERROR:process_reader_win.cc(151)] SuspendThread: Access is denied. (0x5)
[0723/171818.987:ERROR:process_reader_win.cc(151)] SuspendThread: Access is denied. (0x5)
[0723/171818.987:ERROR:process_reader_win.cc(151)] SuspendThread: Access is denied. (0x5)
[0723/171818.987:ERROR:process_reader_win.cc(151)] SuspendThread: Access is denied. (0x5)
[0723/171818.987:ERROR:process_reader_win.cc(151)] SuspendThread: Access is denied. (0x5)
[0723/171818.987:ERROR:process_reader_win.cc(151)] SuspendThread: Access is denied. (0x5)
[0723/171818.987:ERROR:process_reader_win.cc(151)] SuspendThread: Access is denied. (0x5)
[0723/171818.987:ERROR:process_reader_win.cc(151)] SuspendThread: Access is denied. (0x5)
[0723/171818.987:ERROR:process_reader_win.cc(151)] SuspendThread: Access is denied. (0x5)
[0723/171818.987:ERROR:process_reader_win.cc(151)] SuspendThread: Access is denied. (0x5)
[0723/171818.987:ERROR:process_reader_win.cc(151)] SuspendThread: Access is denied. (0x5)
[0723/171818.987:ERROR:process_reader_win.cc(151)] SuspendThread: Access is denied. (0x5)
[0723/171818.986:ERROR:process_reader_win.cc(151)] SuspendThread: Access is denied. (0x5)
[0723/171818.988:ERROR:process_reader_win.cc(151)] SuspendThread: Access is denied. (0x5)
[0723/171818.988:ERROR:process_reader_win.cc(151)] SuspendThread: Access is denied. (0x5)
[0723/171817.588:ERROR:process_reader_win.cc(151)] SuspendThread: Access is denied. (0x5)
[0723/171817.583:ERROR:process_reader_win.cc(151)] SuspendThread: Access is denied. (0x5)
[0723/171818.988:ERROR:process_reader_win.cc(151)] SuspendThread: Access is denied. (0x5)
[0723/171818.988:ERROR:process_reader_win.cc(151)] SuspendThread: Access is denied. (0x5)
[0723/171818.988:ERROR:process_reader_win.cc(151)] SuspendThread: Access is denied. (0x5)
[0723/171818.988:ERROR:process_reader_win.cc(151)] SuspendThread: Access is denied. (0x5)
[0723/171818.988:ERROR:process_reader_win.cc(151)] SuspendThread: Access is denied. (0x5)
[0723/171818.988:ERROR:process_reader_win.cc(151)] SuspendThread: Access is denied. (0x5)
[0723/171818.988:ERROR:process_reader_win.cc(151)] SuspendThread: Access is denied. (0x5)
[0723/171818.988:ERROR:process_reader_win.cc(151)] SuspendThread: Access is denied. (0x5)
[0723/171817.289:ERROR:process_reader_win.cc(151)] SuspendThread: Access is denied. (0x5)
[0723/171818.988:ERROR:process_reader_win.cc(151)] SuspendThread: Access is denied. (0x5)
[0723/171818.988:ERROR:process_reader_win.cc(151)] SuspendThread: Access is denied. (0x5)
[0723/171818.988:ERROR:process_reader_win.cc(151)] SuspendThread: Access is denied. (0x5)
[0723/171818.988:ERROR:process_reader_win.cc(151)] SuspendThread: Access is denied. (0x5)
[0723/171818.988:ERROR:process_reader_win.cc(151)] SuspendThread: Access is denied. (0x5)
[0723/171818.988:ERROR:process_reader_win.cc(151)] SuspendThread: Access is denied. (0x5)
[0723/171818.988:ERROR:process_reader_win.cc(151)] SuspendThread: Access is denied. (0x5)
[0723/171818.988:ERROR:process_reader_win.cc(151)] SuspendThread: Access is denied. (0x5)
[0723/171818.988:ERROR:process_reader_win.cc(151)] SuspendThread: Access is denied. (0x5)
[0723/171818.988:ERROR:process_reader_win.cc(151)] SuspendThread: Access is denied. (0x5)
[0723/171818.988:ERROR:process_reader_win.cc(151)] SuspendThread: Access is denied. (0x5)
[0723/171818.988:ERROR:process_reader_win.cc(151)] SuspendThread: Access is denied. (0x5)
[0723/171818.988:ERROR:process_reader_win.cc(151)] SuspendThread: Access is denied. (0x5)
[0723/171818.988:ERROR:process_reader_win.cc(151)] SuspendThread: Access is denied. (0x5)
[0723/171818.988:ERROR:process_reader_win.cc(151)] SuspendThread: Access is denied. (0x5)
[0723/171818.988:ERROR:process_reader_win.cc(151)] SuspendThread: Access is denied. (0x5)
[0723/171818.988:ERROR:process_reader_win.cc(151)] SuspendThread: Access is denied. (0x5)
[0723/171818.988:ERROR:process_reader_win.cc(151)] SuspendThread: Access is denied. (0x5)
[0723/171818.986:ERROR:process_reader_win.cc(123)] NtOpenThread: {Access Denied} A process has requested access to an object, but has not been granted those access rights. (0xc0000022)
[0723/171819.135:ERROR:exception_snapshot_win.cc(88)] thread ID 18316 not found in process
[0723/171818.988:ERROR:process_reader_win.cc(123)] NtOpenThread: {Access Denied} A process has requested access to an object, but has not been granted those access rights. (0xc0000022)
[0723/171819.136:ERROR:exception_snapshot_win.cc(88)] thread ID 18312 not found in process
[0723/171818.987:ERROR:process_reader_win.cc(123)] NtOpenThread: {Access Denied} A process has requested access to an object, but has not been granted those access rights. (0xc0000022)
[0723/171818.987:ERROR:process_reader_win.cc(123)] NtOpenThread: An invalid Client ID was specified. (0xc000000b)
[0723/171819.136:ERROR:exception_snapshot_win.cc(88)] thread ID 18088 not found in process
[0723/171818.987:ERROR:process_reader_win.cc(123)] NtOpenThread: {Access Denied} A process has requested access to an object, but has not been granted those access rights. (0xc0000022)
[0723/171819.136:ERROR:exception_snapshot_win.cc(88)] thread ID 18296 not found in process
[0723/171819.136:ERROR:exception_snapshot_win.cc(88)] thread ID 18288 not found in process
[0723/171818.987:ERROR:process_reader_win.cc(123)] NtOpenThread: {Access Denied} A process has requested access to an object, but has not been granted those access rights. (0xc0000022)
[0723/171819.136:ERROR:exception_snapshot_win.cc(88)] thread ID 18276 not found in process
[0723/171818.987:ERROR:process_reader_win.cc(123)] NtOpenThread: {Access Denied} A process has requested access to an object, but has not been granted those access rights. (0xc0000022)
[0723/171819.136:ERROR:exception_snapshot_win.cc(88)] thread ID 18284 not found in process
[0723/171818.988:ERROR:process_reader_win.cc(123)] NtOpenThread: {Access Denied} A process has requested access to an object, but has not been granted those access rights. (0xc0000022)
[0723/171819.136:ERROR:exception_snapshot_win.cc(88)] thread ID 18292 not found in process
[0723/171818.988:ERROR:process_reader_win.cc(123)] NtOpenThread: {Access Denied} A process has requested access to an object, but has not been granted those access rights. (0xc0000022)
[0723/171819.136:ERROR:scoped_process_suspend.cc(40)] NtResumeProcess: An attempt was made to access an exiting process. (0xc000010a)
[0723/171818.987:ERROR:process_reader_win.cc(123)] NtOpenThread: {Access Denied} A process has requested access to an object, but has not been granted those access rights. (0xc0000022)
[0723/171818.988:ERROR:process_reader_win.cc(123)] NtOpenThread: {Access Denied} A process has requested access to an object, but has not been granted those access rights. (0xc0000022)
[0723/171818.988:ERROR:process_reader_win.cc(123)] NtOpenThread: {Access Denied} A process has requested access to an object, but has not been granted those access rights. (0xc0000022)
[0723/171819.951:ERROR:exception_snapshot_win.cc(88)] thread ID 18300 not found in process
[0723/171819.951:ERROR:exception_snapshot_win.cc(88)] thread ID 18280 not found in process
[0723/171819.951:ERROR:exception_snapshot_win.cc(88)] thread ID 18304 not found in process
[0723/171819.951:ERROR:exception_snapshot_win.cc(88)] thread ID 18308 not found in process
[0723/171821.222:ERROR:process_reader_win.cc(123)] NtOpenThread: {Access Denied} A process has requested access to an object, but has not been granted those access rights. (0xc0000022)
[0723/171821.253:ERROR:exception_snapshot_win.cc(88)] thread ID 11456 not found in process
[0723/171834.839:ERROR:process_reader_win.cc(151)] SuspendThread: Access is denied. (0x5)
[0723/171834.840:ERROR:process_reader_win.cc(151)] SuspendThread: Access is denied. (0x5)
[0723/171834.840:ERROR:process_reader_win.cc(151)] SuspendThread: Access is denied. (0x5)
[0723/171834.840:ERROR:process_reader_win.cc(123)] NtOpenThread: {Access Denied} A process has requested access to an object, but has not been granted those access rights. (0xc0000022)
[0723/171834.841:ERROR:exception_snapshot_win.cc(88)] thread ID 20256 not found in process
[0723/171836.835:ERROR:process_reader_win.cc(123)] NtOpenThread: {Access Denied} A process has requested access to an object, but has not been granted those access rights. (0xc0000022)
[0723/171836.836:ERROR:exception_snapshot_win.cc(88)] thread ID 20300 not found in process
[0723/171837.917:ERROR:process_reader_win.cc(123)] NtOpenThread: {Access Denied} A process has requested access to an object, but has not been granted those access rights. (0xc0000022)
[0723/171837.917:ERROR:exception_snapshot_win.cc(88)] thread ID 20328 not found in process
[0723/171839.730:ERROR:process_reader_win.cc(151)] SuspendThread: Access is denied. (0x5)
[0723/171839.731:ERROR:process_reader_win.cc(123)] NtOpenThread: {Access Denied} A process has requested access to an object, but has not been granted those access rights. (0xc0000022)
[0723/171839.731:ERROR:exception_snapshot_win.cc(88)] thread ID 20392 not found in process
[0723/171840.287:ERROR:process_reader_win.cc(123)] NtOpenThread: {Access Denied} A process has requested access to an object, but has not been granted those access rights. (0xc0000022)
[0723/171840.288:ERROR:exception_snapshot_win.cc(88)] thread ID 20416 not found in process
[0723/171840.716:ERROR:process_reader_win.cc(151)] SuspendThread: Access is denied. (0x5)
[0723/171840.718:ERROR:process_reader_win.cc(123)] NtOpenThread: {Access Denied} A process has requested access to an object, but has not been granted those access rights. (0xc0000022)
[0723/171840.718:ERROR:exception_snapshot_win.cc(88)] thread ID 20440 not found in process
[0723/171841.216:ERROR:process_reader_win.cc(151)] SuspendThread: Access is denied. (0x5)
[0723/171841.219:ERROR:process_reader_win.cc(123)] NtOpenThread: {Access Denied} A process has requested access to an object, but has not been granted those access rights. (0xc0000022)
[0723/171841.219:ERROR:exception_snapshot_win.cc(88)] thread ID 20456 not found in process
[0723/171841.573:ERROR:process_reader_win.cc(123)] NtOpenThread: {Access Denied} A process has requested access to an object, but has not been granted those access rights. (0xc0000022)
[0723/171841.608:ERROR:exception_snapshot_win.cc(88)] thread ID 17748 not found in process
[0723/171842.033:ERROR:process_reader_win.cc(123)] NtOpenThread: {Access Denied} A process has requested access to an object, but has not been granted those access rights. (0xc0000022)
[0723/171842.178:ERROR:exception_snapshot_win.cc(88)] thread ID 3732 not found in process
